<?xml version="1.0" encoding="UTF-8"?>
<!-- Generated by org.testng.reporters.JUnitXMLReporter -->
<testsuite hostname="sapc013" name="Command line test" tests="3" failures="0" timestamp="19 Jul 2016 14:40:43 GMT" time="11.872" errors="0">
  <testcase name="method" time="3.462" classname="my.samples.JenkinsTest"/>
  <testcase name="method" time="3.888" classname="my.samples.JenkinsTest"/>
  <testcase name="method" time="4.51" classname="my.samples.JenkinsTest"/>
</testsuite> <!-- Command line test -->
